------------------------------------------------------------------------------------------------------------------------

[2023-09-27 15:38:29 #1 store] 
Database 'C:\Users\ehu\Desktop\Bets21\src\main\resources\bets.temp' has been recovered (tr. 1-9)

[2023-09-27 15:38:29 #2 store] 
Database 'C:\Users\ehu\Desktop\Bets21\src\main\resources\bets.temp' is opened by 4600@U030080

[2023-09-27 15:38:29 #3 type] 
Type domain.Aukera is not enhanced.

[2023-09-27 15:38:29 #4 type] 
Type domain.Apustua is not enhanced.

[2023-09-27 15:38:29 #5 type] 
Type domain.Question is not enhanced.

[2023-09-27 15:38:29 #6 type] 
Type domain.Event is not enhanced.

[2023-09-27 15:38:29 #7 type] 
Type domain.User is not enhanced.

[2023-09-27 15:38:29 #8 type] 
Type domain.Erregistratua is not enhanced.

[2023-09-27 15:38:29 #9 type] 
Type domain.Mezua is not enhanced.

[2023-09-27 15:38:29 #10 type] 
Type domain.Mugimendua is not enhanced.

[2023-09-27 15:38:29 #11 type] 
Type domain.Admin is not enhanced.

[2023-09-27 15:38:29 #12 type] 
Type domain.Editorea is not enhanced.

