------------------------------------------------------------------------------------------------------------------------

[2023-03-06 12:16:12 #1 store] 
Database 'C:\Users\carre\git\Bets21\src\main\resources\bets.temp' is opened by 20316@MSI

[2023-03-06 12:16:13 #2 type] 
Type domain.Question is not enhanced.

[2023-03-06 12:16:13 #3 type] 
Type domain.Event is not enhanced.

[2023-03-06 12:16:13 #4 type] 
Type domain.User is not enhanced.

[2023-03-06 12:16:13 #5 type] 
Type domain.Erregistratua is not enhanced.

[2023-03-06 12:16:13 #6 type] 
Type domain.Apostua is not enhanced.

[2023-03-06 12:16:13 #7 type] 
Type domain.Aukera is not enhanced.

[2023-03-06 12:16:13 #8 type] 
Type domain.Editorea is not enhanced.

[2023-03-06 12:16:13 #9 type] 
Type domain.Admin is not enhanced.

------------------------------------------------------------------------------------------------------------------------

[2023-03-06 12:22:26 #1 store] 
Database 'C:\Users\carre\git\Bets21\src\main\resources\bets.temp' is opened by 25500@MSI

[2023-03-06 12:22:26 #2 type] 
Type domain.Question is not enhanced.

[2023-03-06 12:22:26 #3 type] 
Type domain.Event is not enhanced.

[2023-03-06 12:22:26 #4 type] 
Type domain.User is not enhanced.

[2023-03-06 12:22:26 #5 type] 
Type domain.Erregistratua is not enhanced.

[2023-03-06 12:22:26 #6 type] 
Type domain.Apostua is not enhanced.

[2023-03-06 12:22:26 #7 type] 
Type domain.Aukera is not enhanced.

[2023-03-06 12:22:26 #8 type] 
Type domain.Editorea is not enhanced.

[2023-03-06 12:22:26 #9 type] 
Type domain.Admin is not enhanced.

------------------------------------------------------------------------------------------------------------------------

[2023-03-06 12:24:55 #1 store] 
Database 'C:\Users\carre\git\Bets21\src\main\resources\bets.temp' is opened by 8@MSI

[2023-03-06 12:24:55 #2 type] 
Type domain.Question is not enhanced.

[2023-03-06 12:24:55 #3 type] 
Type domain.Event is not enhanced.

[2023-03-06 12:24:55 #4 type] 
Type domain.User is not enhanced.

[2023-03-06 12:24:55 #5 type] 
Type domain.Erregistratua is not enhanced.

[2023-03-06 12:24:55 #6 type] 
Type domain.Apostua is not enhanced.

[2023-03-06 12:24:55 #7 type] 
Type domain.Aukera is not enhanced.

[2023-03-06 12:24:55 #8 type] 
Type domain.Editorea is not enhanced.

[2023-03-06 12:24:55 #9 type] 
Type domain.Admin is not enhanced.

------------------------------------------------------------------------------------------------------------------------

[2023-03-06 12:41:32 #1 store] 
Database 'C:\Users\carre\git\Bets21\src\main\resources\bets.temp' is opened by 24460@MSI

[2023-03-06 12:41:32 #2 type] 
Type domain.Question is not enhanced.

[2023-03-06 12:41:32 #3 type] 
Type domain.Event is not enhanced.

[2023-03-06 12:41:32 #4 type] 
Type domain.User is not enhanced.

[2023-03-06 12:41:32 #5 type] 
Type domain.Erregistratua is not enhanced.

[2023-03-06 12:41:32 #6 type] 
Type domain.Apostua is not enhanced.

[2023-03-06 12:41:32 #7 type] 
Type domain.Aukera is not enhanced.

[2023-03-06 12:41:32 #8 type] 
Type domain.Editorea is not enhanced.

[2023-03-06 12:41:32 #9 type] 
Type domain.Admin is not enhanced.

------------------------------------------------------------------------------------------------------------------------

[2023-03-06 12:43:16 #1 store] 
Database 'C:\Users\carre\git\Bets21\src\main\resources\bets.temp' is opened by 19920@MSI

[2023-03-06 12:43:16 #2 type] 
Type domain.Question is not enhanced.

[2023-03-06 12:43:16 #3 type] 
Type domain.Event is not enhanced.

[2023-03-06 12:43:16 #4 type] 
Type domain.User is not enhanced.

[2023-03-06 12:43:16 #5 type] 
Type domain.Erregistratua is not enhanced.

[2023-03-06 12:43:16 #6 type] 
Type domain.Apostua is not enhanced.

[2023-03-06 12:43:16 #7 type] 
Type domain.Aukera is not enhanced.

[2023-03-06 12:43:16 #8 type] 
Type domain.Editorea is not enhanced.

[2023-03-06 12:43:16 #9 type] 
Type domain.Admin is not enhanced.

------------------------------------------------------------------------------------------------------------------------

[2023-03-06 12:48:43 #1 store] 
Database 'C:\Users\carre\git\Bets21\src\main\resources\bets.temp' is opened by 14180@MSI

[2023-03-06 12:48:44 #2 type] 
Type domain.Question is not enhanced.

[2023-03-06 12:48:44 #3 type] 
Type domain.Event is not enhanced.

[2023-03-06 12:48:44 #4 type] 
Type domain.User is not enhanced.

[2023-03-06 12:48:44 #5 type] 
Type domain.Erregistratua is not enhanced.

[2023-03-06 12:48:44 #6 type] 
Type domain.Apostua is not enhanced.

[2023-03-06 12:48:44 #7 type] 
Type domain.Aukera is not enhanced.

[2023-03-06 12:48:44 #8 type] 
Type domain.Editorea is not enhanced.

[2023-03-06 12:48:44 #9 type] 
Type domain.Admin is not enhanced.

------------------------------------------------------------------------------------------------------------------------

[2023-03-06 12:50:06 #1 store] 
Database 'C:\Users\carre\git\Bets21\src\main\resources\bets.temp' is opened by 8248@MSI

[2023-03-06 12:50:06 #2 type] 
Type domain.Question is not enhanced.

[2023-03-06 12:50:06 #3 type] 
Type domain.Event is not enhanced.

[2023-03-06 12:50:06 #4 type] 
Type domain.User is not enhanced.

[2023-03-06 12:50:06 #5 type] 
Type domain.Erregistratua is not enhanced.

[2023-03-06 12:50:06 #6 type] 
Type domain.Apostua is not enhanced.

[2023-03-06 12:50:06 #7 type] 
Type domain.Aukera is not enhanced.

[2023-03-06 12:50:06 #8 type] 
Type domain.Editorea is not enhanced.

[2023-03-06 12:50:06 #9 type] 
Type domain.Admin is not enhanced.

------------------------------------------------------------------------------------------------------------------------

[2023-03-06 12:52:05 #1 store] 
Database 'C:\Users\carre\git\Bets21\src\main\resources\bets.temp' is opened by 27096@MSI

[2023-03-06 12:52:06 #2 type] 
Type domain.Question is not enhanced.

[2023-03-06 12:52:06 #3 type] 
Type domain.Event is not enhanced.

[2023-03-06 12:52:06 #4 type] 
Type domain.User is not enhanced.

[2023-03-06 12:52:06 #5 type] 
Type domain.Erregistratua is not enhanced.

[2023-03-06 12:52:06 #6 type] 
Type domain.Apostua is not enhanced.

[2023-03-06 12:52:06 #7 type] 
Type domain.Aukera is not enhanced.

[2023-03-06 12:52:06 #8 type] 
Type domain.Editorea is not enhanced.

[2023-03-06 12:52:06 #9 type] 
Type domain.Admin is not enhanced.

------------------------------------------------------------------------------------------------------------------------

[2023-03-06 12:52:59 #1 store] 
Database 'C:\Users\carre\git\Bets21\src\main\resources\bets.temp' is opened by 15764@MSI

[2023-03-06 12:52:59 #2 type] 
Type domain.Question is not enhanced.

[2023-03-06 12:52:59 #3 type] 
Type domain.Event is not enhanced.

[2023-03-06 12:52:59 #4 type] 
Type domain.User is not enhanced.

[2023-03-06 12:52:59 #5 type] 
Type domain.Erregistratua is not enhanced.

[2023-03-06 12:52:59 #6 type] 
Type domain.Apostua is not enhanced.

[2023-03-06 12:52:59 #7 type] 
Type domain.Aukera is not enhanced.

[2023-03-06 12:52:59 #8 type] 
Type domain.Editorea is not enhanced.

[2023-03-06 12:52:59 #9 type] 
Type domain.Admin is not enhanced.

------------------------------------------------------------------------------------------------------------------------

[2023-03-06 12:56:47 #1 store] 
Database 'C:\Users\carre\git\Bets21\src\main\resources\bets.temp' is opened by 16172@MSI

[2023-03-06 12:56:47 #2 type] 
Type domain.Question is not enhanced.

[2023-03-06 12:56:47 #3 type] 
Type domain.Event is not enhanced.

[2023-03-06 12:56:47 #4 type] 
Type domain.User is not enhanced.

[2023-03-06 12:56:47 #5 type] 
Type domain.Erregistratua is not enhanced.

[2023-03-06 12:56:47 #6 type] 
Type domain.Apostua is not enhanced.

[2023-03-06 12:56:47 #7 type] 
Type domain.Aukera is not enhanced.

[2023-03-06 12:56:47 #8 type] 
Type domain.Editorea is not enhanced.

[2023-03-06 12:56:47 #9 type] 
Type domain.Admin is not enhanced.

------------------------------------------------------------------------------------------------------------------------

[2023-03-06 12:57:28 #1 store] 
Database 'C:\Users\carre\git\Bets21\src\main\resources\bets.temp' is opened by 4952@MSI

[2023-03-06 12:57:29 #2 type] 
Type domain.Question is not enhanced.

[2023-03-06 12:57:29 #3 type] 
Type domain.Event is not enhanced.

[2023-03-06 12:57:29 #4 type] 
Type domain.User is not enhanced.

[2023-03-06 12:57:29 #5 type] 
Type domain.Erregistratua is not enhanced.

[2023-03-06 12:57:29 #6 type] 
Type domain.Apostua is not enhanced.

[2023-03-06 12:57:29 #7 type] 
Type domain.Aukera is not enhanced.

[2023-03-06 12:57:29 #8 type] 
Type domain.Editorea is not enhanced.

[2023-03-06 12:57:29 #9 type] 
Type domain.Admin is not enhanced.

------------------------------------------------------------------------------------------------------------------------

[2023-03-06 13:00:31 #1 store] 
Database 'C:\Users\carre\git\Bets21\src\main\resources\bets.temp' is opened by 3716@MSI

[2023-03-06 13:00:31 #2 type] 
Type domain.Question is not enhanced.

[2023-03-06 13:00:31 #3 type] 
Type domain.Event is not enhanced.

[2023-03-06 13:00:31 #4 type] 
Type domain.User is not enhanced.

[2023-03-06 13:00:31 #5 type] 
Type domain.Erregistratua is not enhanced.

[2023-03-06 13:00:31 #6 type] 
Type domain.Apostua is not enhanced.

[2023-03-06 13:00:31 #7 type] 
Type domain.Aukera is not enhanced.

[2023-03-06 13:00:31 #8 type] 
Type domain.Editorea is not enhanced.

[2023-03-06 13:00:31 #9 type] 
Type domain.Admin is not enhanced.

------------------------------------------------------------------------------------------------------------------------

[2023-03-06 13:01:02 #1 store] 
Database 'C:\Users\carre\git\Bets21\src\main\resources\bets.temp' is opened by 25404@MSI

[2023-03-06 13:01:03 #2 type] 
Type domain.Question is not enhanced.

[2023-03-06 13:01:03 #3 type] 
Type domain.Event is not enhanced.

[2023-03-06 13:01:03 #4 type] 
Type domain.User is not enhanced.

[2023-03-06 13:01:03 #5 type] 
Type domain.Erregistratua is not enhanced.

[2023-03-06 13:01:03 #6 type] 
Type domain.Apostua is not enhanced.

[2023-03-06 13:01:03 #7 type] 
Type domain.Aukera is not enhanced.

[2023-03-06 13:01:03 #8 type] 
Type domain.Editorea is not enhanced.

[2023-03-06 13:01:03 #9 type] 
Type domain.Admin is not enhanced.

