------------------------------------------------------------------------------------------------------------------------

[2023-02-24 11:13:47 #1 store] 
Database 'C:\Users\carre\git\Bets21\src\main\resources\bets.temp' is opened by 7324@MSI

[2023-02-24 11:13:47 #2 type.registry] 
New type domain.Question

[2023-02-24 11:13:47 #3 type] 
Type domain.Question is not enhanced.

[2023-02-24 11:13:47 #4 type.registry] 
New type domain.Event

[2023-02-24 11:13:47 #5 type] 
Type domain.Event is not enhanced.

[2023-02-24 11:13:47 #6 type.registry] 
New type java.util.Vector<domain.Question>

[2023-02-24 11:13:47 #7 type.registry] 
New type domain.User

[2023-02-24 11:13:47 #8 type] 
Type domain.User is not enhanced.

[2023-02-24 11:13:47 #9 type.registry] 
New type java.util.Vector<java.lang.Object>

------------------------------------------------------------------------------------------------------------------------

[2023-02-24 11:33:36 #1 store] 
Database 'C:\Users\carre\git\Bets21\src\main\resources\bets.temp' is opened by 8784@MSI

[2023-02-24 11:33:36 #2 type.registry] 
New type domain.Question

[2023-02-24 11:33:36 #3 type] 
Type domain.Question is not enhanced.

[2023-02-24 11:33:36 #4 type.registry] 
New type domain.Event

[2023-02-24 11:33:36 #5 type] 
Type domain.Event is not enhanced.

[2023-02-24 11:33:36 #6 type.registry] 
New type java.util.Vector<domain.Question>

[2023-02-24 11:33:36 #7 type.registry] 
New type domain.User

[2023-02-24 11:33:36 #8 type] 
Type domain.User is not enhanced.

[2023-02-24 11:33:36 #9 type.registry] 
New type java.util.Vector<java.lang.Object>

------------------------------------------------------------------------------------------------------------------------

[2023-02-24 11:41:02 #1 store] 
Database 'C:\Users\carre\git\Bets21\src\main\resources\bets.temp' is opened by 6184@MSI

[2023-02-24 11:41:02 #2 type.registry] 
New type domain.Question

[2023-02-24 11:41:02 #3 type] 
Type domain.Question is not enhanced.

[2023-02-24 11:41:02 #4 type.registry] 
New type domain.Event

[2023-02-24 11:41:02 #5 type] 
Type domain.Event is not enhanced.

[2023-02-24 11:41:02 #6 type.registry] 
New type java.util.Vector<domain.Question>

[2023-02-24 11:41:02 #7 type.registry] 
New type domain.User

[2023-02-24 11:41:02 #8 type] 
Type domain.User is not enhanced.

[2023-02-24 11:41:02 #9 type.registry] 
New type java.util.Vector<java.lang.Object>

------------------------------------------------------------------------------------------------------------------------

[2023-02-24 11:41:07 #1 store] 
Database 'C:\Users\carre\git\Bets21\src\main\resources\bets.temp' is opened by 15424@MSI

[2023-02-24 11:41:08 #2 type.registry] 
New type domain.Question

[2023-02-24 11:41:08 #3 type] 
Type domain.Question is not enhanced.

[2023-02-24 11:41:08 #4 type.registry] 
New type domain.Event

[2023-02-24 11:41:08 #5 type] 
Type domain.Event is not enhanced.

[2023-02-24 11:41:08 #6 type.registry] 
New type java.util.Vector<domain.Question>

[2023-02-24 11:41:08 #7 type.registry] 
New type domain.User

[2023-02-24 11:41:08 #8 type] 
Type domain.User is not enhanced.

[2023-02-24 11:41:08 #9 type.registry] 
New type java.util.Vector<java.lang.Object>

------------------------------------------------------------------------------------------------------------------------

[2023-02-24 11:42:22 #1 store] 
Database 'C:\Users\carre\git\Bets21\src\main\resources\bets.temp' is opened by 3516@MSI

[2023-02-24 11:42:22 #2 type.registry] 
New type domain.Question

[2023-02-24 11:42:22 #3 type] 
Type domain.Question is not enhanced.

[2023-02-24 11:42:22 #4 type.registry] 
New type domain.Event

[2023-02-24 11:42:22 #5 type] 
Type domain.Event is not enhanced.

[2023-02-24 11:42:22 #6 type.registry] 
New type java.util.Vector<domain.Question>

[2023-02-24 11:42:22 #7 type.registry] 
New type domain.User

[2023-02-24 11:42:22 #8 type] 
Type domain.User is not enhanced.

[2023-02-24 11:42:22 #9 type.registry] 
New type java.util.Vector<java.lang.Object>

------------------------------------------------------------------------------------------------------------------------

[2023-02-24 11:42:29 #1 store] 
Database 'C:\Users\carre\git\Bets21\src\main\resources\bets.temp' is opened by 2000@MSI

[2023-02-24 11:42:30 #2 type.registry] 
New type domain.Question

[2023-02-24 11:42:30 #3 type] 
Type domain.Question is not enhanced.

[2023-02-24 11:42:30 #4 type.registry] 
New type domain.Event

[2023-02-24 11:42:30 #5 type] 
Type domain.Event is not enhanced.

[2023-02-24 11:42:30 #6 type.registry] 
New type java.util.Vector<domain.Question>

[2023-02-24 11:42:30 #7 type.registry] 
New type domain.User

[2023-02-24 11:42:30 #8 type] 
Type domain.User is not enhanced.

[2023-02-24 11:42:30 #9 type.registry] 
New type java.util.Vector<java.lang.Object>

------------------------------------------------------------------------------------------------------------------------

[2023-02-24 11:43:39 #1 store] 
Database 'C:\Users\carre\git\Bets21\src\main\resources\bets.temp' is opened by 3416@MSI

[2023-02-24 11:43:40 #2 type.registry] 
New type domain.Question

[2023-02-24 11:43:40 #3 type] 
Type domain.Question is not enhanced.

[2023-02-24 11:43:40 #4 type.registry] 
New type domain.Event

[2023-02-24 11:43:40 #5 type] 
Type domain.Event is not enhanced.

[2023-02-24 11:43:40 #6 type.registry] 
New type java.util.Vector<domain.Question>

[2023-02-24 11:43:40 #7 type.registry] 
New type domain.User

[2023-02-24 11:43:40 #8 type] 
Type domain.User is not enhanced.

[2023-02-24 11:43:40 #9 type.registry] 
New type java.util.Vector<java.lang.Object>

------------------------------------------------------------------------------------------------------------------------

[2023-02-24 11:47:04 #1 store] 
Database 'C:\Users\carre\git\Bets21\src\main\resources\bets.temp' is opened by 12872@MSI

[2023-02-24 11:47:05 #2 type.registry] 
New type domain.Question

[2023-02-24 11:47:05 #3 type] 
Type domain.Question is not enhanced.

[2023-02-24 11:47:05 #4 type.registry] 
New type domain.Event

[2023-02-24 11:47:05 #5 type] 
Type domain.Event is not enhanced.

[2023-02-24 11:47:05 #6 type.registry] 
New type java.util.Vector<domain.Question>

[2023-02-24 11:47:05 #7 type.registry] 
New type domain.User

[2023-02-24 11:47:05 #8 type] 
Type domain.User is not enhanced.

[2023-02-24 11:47:05 #9 type.registry] 
New type java.util.Vector<java.lang.Object>

------------------------------------------------------------------------------------------------------------------------

[2023-02-24 11:47:11 #1 store] 
Database 'C:\Users\carre\git\Bets21\src\main\resources\bets.temp' is opened by 3028@MSI

[2023-02-24 11:47:11 #2 type.registry] 
New type domain.Question

[2023-02-24 11:47:11 #3 type] 
Type domain.Question is not enhanced.

[2023-02-24 11:47:11 #4 type.registry] 
New type domain.Event

[2023-02-24 11:47:11 #5 type] 
Type domain.Event is not enhanced.

[2023-02-24 11:47:11 #6 type.registry] 
New type java.util.Vector<domain.Question>

[2023-02-24 11:47:11 #7 type.registry] 
New type domain.User

[2023-02-24 11:47:11 #8 type] 
Type domain.User is not enhanced.

[2023-02-24 11:47:11 #9 type.registry] 
New type java.util.Vector<java.lang.Object>

------------------------------------------------------------------------------------------------------------------------

[2023-02-24 11:51:03 #1 store] 
Database 'C:\Users\carre\git\Bets21\src\main\resources\bets.temp' is opened by 7636@MSI

[2023-02-24 11:51:03 #2 type.registry] 
New type domain.Question

[2023-02-24 11:51:03 #3 type] 
Type domain.Question is not enhanced.

[2023-02-24 11:51:03 #4 type.registry] 
New type domain.Event

[2023-02-24 11:51:03 #5 type] 
Type domain.Event is not enhanced.

[2023-02-24 11:51:03 #6 type.registry] 
New type java.util.Vector<domain.Question>

[2023-02-24 11:51:03 #7 type.registry] 
New type domain.User

[2023-02-24 11:51:03 #8 type] 
Type domain.User is not enhanced.

[2023-02-24 11:51:03 #9 type.registry] 
New type java.util.Vector<java.lang.Object>

------------------------------------------------------------------------------------------------------------------------

[2023-02-24 11:52:40 #1 store] 
Database 'C:\Users\carre\git\Bets21\src\main\resources\bets.temp' is opened by 9736@MSI

[2023-02-24 11:52:41 #2 type.registry] 
New type domain.Question

[2023-02-24 11:52:41 #3 type] 
Type domain.Question is not enhanced.

[2023-02-24 11:52:41 #4 type.registry] 
New type domain.Event

[2023-02-24 11:52:41 #5 type] 
Type domain.Event is not enhanced.

[2023-02-24 11:52:41 #6 type.registry] 
New type java.util.Vector<domain.Question>

[2023-02-24 11:52:41 #7 type.registry] 
New type domain.User

[2023-02-24 11:52:41 #8 type] 
Type domain.User is not enhanced.

[2023-02-24 11:52:41 #9 type.registry] 
New type java.util.Vector<java.lang.Object>

------------------------------------------------------------------------------------------------------------------------

[2023-02-24 11:54:15 #1 store] 
Database 'C:\Users\carre\git\Bets21\src\main\resources\bets.temp' is opened by 17336@MSI

[2023-02-24 11:54:15 #2 type.registry] 
New type domain.Question

[2023-02-24 11:54:15 #3 type] 
Type domain.Question is not enhanced.

[2023-02-24 11:54:15 #4 type.registry] 
New type domain.Event

[2023-02-24 11:54:15 #5 type] 
Type domain.Event is not enhanced.

[2023-02-24 11:54:15 #6 type.registry] 
New type java.util.Vector<domain.Question>

[2023-02-24 11:54:15 #7 type.registry] 
New type domain.User

[2023-02-24 11:54:15 #8 type] 
Type domain.User is not enhanced.

[2023-02-24 11:54:15 #9 type.registry] 
New type java.util.Vector<java.lang.Object>

------------------------------------------------------------------------------------------------------------------------

[2023-02-24 11:55:13 #1 store] 
Database 'C:\Users\carre\git\Bets21\src\main\resources\bets.temp' is opened by 15232@MSI

[2023-02-24 11:55:13 #2 type.registry] 
New type domain.Question

[2023-02-24 11:55:13 #3 type] 
Type domain.Question is not enhanced.

[2023-02-24 11:55:13 #4 type.registry] 
New type domain.Event

[2023-02-24 11:55:13 #5 type] 
Type domain.Event is not enhanced.

[2023-02-24 11:55:13 #6 type.registry] 
New type java.util.Vector<domain.Question>

[2023-02-24 11:55:13 #7 type.registry] 
New type domain.User

[2023-02-24 11:55:13 #8 type] 
Type domain.User is not enhanced.

[2023-02-24 11:55:13 #9 type.registry] 
New type java.util.Vector<java.lang.Object>

------------------------------------------------------------------------------------------------------------------------

[2023-02-24 11:56:31 #1 store] 
Database 'C:\Users\carre\git\Bets21\src\main\resources\bets.temp' is opened by 996@MSI

[2023-02-24 11:56:31 #2 type.registry] 
New type domain.Question

[2023-02-24 11:56:31 #3 type] 
Type domain.Question is not enhanced.

[2023-02-24 11:56:31 #4 type.registry] 
New type domain.Event

[2023-02-24 11:56:31 #5 type] 
Type domain.Event is not enhanced.

[2023-02-24 11:56:31 #6 type.registry] 
New type java.util.Vector<domain.Question>

[2023-02-24 11:56:31 #7 type.registry] 
New type domain.User

[2023-02-24 11:56:31 #8 type] 
Type domain.User is not enhanced.

[2023-02-24 11:56:31 #9 type.registry] 
New type java.util.Vector<java.lang.Object>

