------------------------------------------------------------------------------------------------------------------------

[2023-02-20 10:23:30 #1 store] 
Database 'C:\Users\carre\git\Bets21\src\main\resources\bets.temp' is opened by 16304@MSI

[2023-02-20 10:23:31 #2 type.registry] 
New type domain.Question

[2023-02-20 10:23:31 #3 type] 
Type domain.Question is not enhanced.

[2023-02-20 10:23:31 #4 type.registry] 
New type domain.Event

[2023-02-20 10:23:31 #5 type] 
Type domain.Event is not enhanced.

[2023-02-20 10:23:31 #6 type.registry] 
New type java.util.Vector<domain.Question>

[2023-02-20 10:23:31 #7 type.registry] 
New type domain.User

[2023-02-20 10:23:31 #8 type] 
Type domain.User is not enhanced.

[2023-02-20 10:23:31 #9 type.registry] 
New type java.util.Vector<java.lang.Object>

------------------------------------------------------------------------------------------------------------------------

[2023-02-20 10:23:41 #1 store] 
Database 'C:\Users\carre\git\Bets21\src\main\resources\bets.temp' is opened by 6964@MSI

[2023-02-20 10:23:42 #2 type.registry] 
New type domain.Question

[2023-02-20 10:23:42 #3 type] 
Type domain.Question is not enhanced.

[2023-02-20 10:23:42 #4 type.registry] 
New type domain.Event

[2023-02-20 10:23:42 #5 type] 
Type domain.Event is not enhanced.

[2023-02-20 10:23:42 #6 type.registry] 
New type java.util.Vector<domain.Question>

[2023-02-20 10:23:42 #7 type.registry] 
New type domain.User

[2023-02-20 10:23:42 #8 type] 
Type domain.User is not enhanced.

[2023-02-20 10:23:42 #9 type.registry] 
New type java.util.Vector<java.lang.Object>

------------------------------------------------------------------------------------------------------------------------

[2023-02-20 10:24:04 #1 store] 
Database 'C:\Users\carre\git\Bets21\src\main\resources\bets.temp' is opened by 3096@MSI

[2023-02-20 10:24:04 #2 type.registry] 
New type domain.Question

[2023-02-20 10:24:04 #3 type] 
Type domain.Question is not enhanced.

[2023-02-20 10:24:04 #4 type.registry] 
New type domain.Event

[2023-02-20 10:24:04 #5 type] 
Type domain.Event is not enhanced.

[2023-02-20 10:24:04 #6 type.registry] 
New type java.util.Vector<domain.Question>

[2023-02-20 10:24:04 #7 type.registry] 
New type domain.User

[2023-02-20 10:24:04 #8 type] 
Type domain.User is not enhanced.

[2023-02-20 10:24:04 #9 type.registry] 
New type java.util.Vector<java.lang.Object>

