------------------------------------------------------------------------------------------------------------------------

[2023-03-03 18:48:09 #1 store] 
Database 'C:\Users\carre\git\Bets21\src\main\resources\bets.temp' is opened by 4576@MSI

[2023-03-03 18:48:09 #2 type.registry] 
New type domain.Question

[2023-03-03 18:48:09 #3 type] 
Type domain.Question is not enhanced.

[2023-03-03 18:48:09 #4 type.registry] 
New type domain.Event

[2023-03-03 18:48:09 #5 type] 
Type domain.Event is not enhanced.

[2023-03-03 18:48:09 #6 type.registry] 
New type java.util.Vector<domain.Question>

[2023-03-03 18:48:09 #7 type.registry] 
New type domain.User

[2023-03-03 18:48:09 #8 type.registry] 
New type domain.Erregistratua

[2023-03-03 18:48:09 #9 type] 
Type domain.User is not enhanced.

[2023-03-03 18:48:09 #10 type] 
Type domain.Erregistratua is not enhanced.

[2023-03-03 18:48:09 #11 type.registry] 
New type domain.Apostua

[2023-03-03 18:48:09 #12 type.registry] 
New type java.util.Vector<domain.Apostua>

[2023-03-03 18:48:09 #13 type] 
Type domain.Apostua is not enhanced.

[2023-03-03 18:48:09 #14 type.registry] 
New type domain.Aukera

[2023-03-03 18:48:09 #15 type] 
Type domain.Aukera is not enhanced.

[2023-03-03 18:48:09 #16 type.registry] 
New type domain.Editorea

[2023-03-03 18:48:09 #17 type.registry] 
New type domain.Admin

[2023-03-03 18:48:09 #18 type] 
Type domain.Editorea is not enhanced.

[2023-03-03 18:48:09 #19 type] 
Type domain.Admin is not enhanced.

[2023-03-03 18:48:09 #20 type.registry] 
New type java.util.Vector<java.lang.Object>

------------------------------------------------------------------------------------------------------------------------

[2023-03-03 19:05:33 #1 store] 
Database 'C:\Users\carre\git\Bets21\src\main\resources\bets.temp' is opened by 3140@MSI

[2023-03-03 19:05:34 #2 type.registry] 
New type domain.Question

[2023-03-03 19:05:34 #3 type] 
Type domain.Question is not enhanced.

[2023-03-03 19:05:34 #4 type.registry] 
New type domain.Event

[2023-03-03 19:05:34 #5 type] 
Type domain.Event is not enhanced.

[2023-03-03 19:05:34 #6 type.registry] 
New type java.util.Vector<domain.Question>

[2023-03-03 19:05:34 #7 type.registry] 
New type domain.User

[2023-03-03 19:05:34 #8 type.registry] 
New type domain.Erregistratua

[2023-03-03 19:05:34 #9 type] 
Type domain.User is not enhanced.

[2023-03-03 19:05:34 #10 type] 
Type domain.Erregistratua is not enhanced.

[2023-03-03 19:05:34 #11 type.registry] 
New type domain.Apostua

[2023-03-03 19:05:34 #12 type.registry] 
New type java.util.Vector<domain.Apostua>

[2023-03-03 19:05:34 #13 type] 
Type domain.Apostua is not enhanced.

[2023-03-03 19:05:34 #14 type.registry] 
New type domain.Aukera

[2023-03-03 19:05:34 #15 type] 
Type domain.Aukera is not enhanced.

[2023-03-03 19:05:34 #16 type.registry] 
New type domain.Editorea

[2023-03-03 19:05:34 #17 type.registry] 
New type domain.Admin

[2023-03-03 19:05:34 #18 type] 
Type domain.Editorea is not enhanced.

[2023-03-03 19:05:34 #19 type] 
Type domain.Admin is not enhanced.

[2023-03-03 19:05:34 #20 type.registry] 
New type java.util.Vector<java.lang.Object>

------------------------------------------------------------------------------------------------------------------------

[2023-03-03 19:14:07 #1 store] 
Database 'C:\Users\carre\git\Bets21\src\main\resources\bets.temp' is opened by 6396@MSI

[2023-03-03 19:14:07 #2 type.registry] 
New type domain.Question

[2023-03-03 19:14:07 #3 type] 
Type domain.Question is not enhanced.

[2023-03-03 19:14:07 #4 type.registry] 
New type domain.Event

[2023-03-03 19:14:07 #5 type] 
Type domain.Event is not enhanced.

[2023-03-03 19:14:07 #6 type.registry] 
New type java.util.Vector<domain.Question>

[2023-03-03 19:14:07 #7 type.registry] 
New type domain.User

[2023-03-03 19:14:07 #8 type.registry] 
New type domain.Erregistratua

[2023-03-03 19:14:07 #9 type] 
Type domain.User is not enhanced.

[2023-03-03 19:14:07 #10 type] 
Type domain.Erregistratua is not enhanced.

[2023-03-03 19:14:07 #11 type.registry] 
New type domain.Apostua

[2023-03-03 19:14:07 #12 type.registry] 
New type java.util.Vector<domain.Apostua>

[2023-03-03 19:14:07 #13 type] 
Type domain.Apostua is not enhanced.

[2023-03-03 19:14:07 #14 type.registry] 
New type domain.Aukera

[2023-03-03 19:14:07 #15 type] 
Type domain.Aukera is not enhanced.

[2023-03-03 19:14:07 #16 type.registry] 
New type domain.Editorea

[2023-03-03 19:14:07 #17 type.registry] 
New type domain.Admin

[2023-03-03 19:14:07 #18 type] 
Type domain.Editorea is not enhanced.

[2023-03-03 19:14:07 #19 type] 
Type domain.Admin is not enhanced.

[2023-03-03 19:14:07 #20 type.registry] 
New type java.util.Vector<java.lang.Object>

------------------------------------------------------------------------------------------------------------------------

[2023-03-03 19:15:37 #1 store] 
Database 'C:\Users\carre\git\Bets21\src\main\resources\bets.temp' is opened by 9532@MSI

[2023-03-03 19:15:37 #2 type.registry] 
New type domain.Question

[2023-03-03 19:15:37 #3 type] 
Type domain.Question is not enhanced.

[2023-03-03 19:15:37 #4 type.registry] 
New type domain.Event

[2023-03-03 19:15:37 #5 type] 
Type domain.Event is not enhanced.

[2023-03-03 19:15:37 #6 type.registry] 
New type java.util.Vector<domain.Question>

[2023-03-03 19:15:37 #7 type.registry] 
New type domain.User

[2023-03-03 19:15:37 #8 type.registry] 
New type domain.Erregistratua

[2023-03-03 19:15:37 #9 type] 
Type domain.User is not enhanced.

[2023-03-03 19:15:37 #10 type] 
Type domain.Erregistratua is not enhanced.

[2023-03-03 19:15:37 #11 type.registry] 
New type domain.Apostua

[2023-03-03 19:15:37 #12 type.registry] 
New type java.util.Vector<domain.Apostua>

[2023-03-03 19:15:37 #13 type] 
Type domain.Apostua is not enhanced.

[2023-03-03 19:15:37 #14 type.registry] 
New type domain.Aukera

[2023-03-03 19:15:37 #15 type] 
Type domain.Aukera is not enhanced.

[2023-03-03 19:15:37 #16 type.registry] 
New type domain.Editorea

[2023-03-03 19:15:37 #17 type.registry] 
New type domain.Admin

[2023-03-03 19:15:37 #18 type] 
Type domain.Editorea is not enhanced.

[2023-03-03 19:15:37 #19 type] 
Type domain.Admin is not enhanced.

[2023-03-03 19:15:37 #20 type.registry] 
New type java.util.Vector<java.lang.Object>

------------------------------------------------------------------------------------------------------------------------

[2023-03-03 19:43:09 #1 store] 
Database 'C:\Users\carre\git\Bets21\src\main\resources\bets.temp' is opened by 7200@MSI

[2023-03-03 19:43:09 #2 type.registry] 
New type domain.Question

[2023-03-03 19:43:09 #3 type] 
Type domain.Question is not enhanced.

[2023-03-03 19:43:09 #4 type.registry] 
New type domain.Event

[2023-03-03 19:43:09 #5 type] 
Type domain.Event is not enhanced.

[2023-03-03 19:43:09 #6 type.registry] 
New type java.util.Vector<domain.Question>

[2023-03-03 19:43:09 #7 type.registry] 
New type domain.User

[2023-03-03 19:43:09 #8 type.registry] 
New type domain.Erregistratua

[2023-03-03 19:43:09 #9 type] 
Type domain.User is not enhanced.

[2023-03-03 19:43:09 #10 type] 
Type domain.Erregistratua is not enhanced.

[2023-03-03 19:43:09 #11 type.registry] 
New type domain.Apostua

[2023-03-03 19:43:09 #12 type.registry] 
New type java.util.Vector<domain.Apostua>

[2023-03-03 19:43:09 #13 type] 
Type domain.Apostua is not enhanced.

[2023-03-03 19:43:09 #14 type.registry] 
New type domain.Aukera

[2023-03-03 19:43:09 #15 type] 
Type domain.Aukera is not enhanced.

[2023-03-03 19:43:09 #16 type.registry] 
New type domain.Editorea

[2023-03-03 19:43:09 #17 type.registry] 
New type domain.Admin

[2023-03-03 19:43:09 #18 type] 
Type domain.Editorea is not enhanced.

[2023-03-03 19:43:09 #19 type] 
Type domain.Admin is not enhanced.

[2023-03-03 19:43:09 #20 type.registry] 
New type java.util.Vector<java.lang.Object>

